[2022-08-22T02:26:38.226] [INFO] default - API Server Started. Visit http://localhost:5000/
[2022-08-22T02:26:40.832] [INFO] default - User: 'Crystals', Command: 'say'.
[2022-08-22T02:26:43.278] [INFO] default - Bot Started. Version: 1.1.0
[2022-08-22T02:26:46.090] [INFO] default - User: 'Kxffie', Command: 'embed'.
[2022-08-22T02:26:46.126] [INFO] default - User: 'Lizzy Bo Bizzy Mc Skizzy', Command: 'embed'.
[2022-08-22T02:26:54.514] [INFO] default - User: 'Lizzy Bo Bizzy Mc Skizzy', Command: 'embed'.
[2022-08-22T02:26:54.888] [ERROR] default - CombinedError (2)
  Received one or more errors

  1 ExpectedValidationError > s.literal(V)
  |   Expected values to be equals
  | 
  |   Expected:
  |   | null
  | 
  |   Received:
  |   | ''

  2 ExpectedConstraintError > s.string.lengthGreaterThanOrEqual
  |   Invalid string length
  | 
  |   Expected: expected.length >= 1
  | 
  |   Received:
  |   | ''

    at UnionValidator.handle (/home/m2rsh/Documents/GitHub/WilliamShakespeare/node_modules/@sapphire/shapeshift/src/validators/UnionValidator.ts:111:21)
    at UnionValidator.parse (/home/m2rsh/Documents/GitHub/WilliamShakespeare/node_modules/@sapphire/shapeshift/src/validators/BaseValidator.ts:80:86)
    at EmbedBuilder.setTitle (/home/m2rsh/Documents/GitHub/WilliamShakespeare/node_modules/@discordjs/builders/src/messages/embed/Embed.ts:92:20)
    at Command.command (file:///home/m2rsh/Documents/GitHub/WilliamShakespeare/src/commands/embed.ts:76:10)
    at next (file:///home/m2rsh/Documents/GitHub/WilliamShakespeare/node_modules/discordx/src/decorators/classes/Method.ts:85:38)
    at file:///home/m2rsh/Documents/GitHub/WilliamShakespeare/node_modules/discordx/src/decorators/classes/Method.ts:108:31
    at DApplicationCommand.<anonymous> (file:///home/m2rsh/Documents/GitHub/WilliamShakespeare/node_modules/discordx/src/decorators/classes/Method.ts:40:49)
    at Client.executeCommandInteraction (file:///home/m2rsh/Documents/GitHub/WilliamShakespeare/node_modules/discordx/src/Client.ts:1064:31)
    at Client.executeInteraction (file:///home/m2rsh/Documents/GitHub/WilliamShakespeare/node_modules/discordx/src/Client.ts:1016:19)
    at Client.<anonymous> (file:///home/m2rsh/Documents/GitHub/WilliamShakespeare/src/main.ts:68:7) User: 'Lizzy Bo Bizzy Mc Skizzy' - '846298981797724161'
